2019-06-08 00:54:48.360  INFO 4169 --- [restartedMain] c.i.b.springboot.SpringbootApplication   : Starting SpringbootApplication on Billys-MacBook-Air.local with PID 4169 (/Users/billyangulo/workspace/springboot/target/classes started by billyangulo in /Users/billyangulo/workspace/springboot)
2019-06-08 00:54:48.389  INFO 4169 --- [restartedMain] c.i.b.springboot.SpringbootApplication   : No active profile set, falling back to default profiles: default
2019-06-08 00:54:48.543  INFO 4169 --- [restartedMain] .e.DevToolsPropertyDefaultsPostProcessor : Devtools property defaults active! Set 'spring.devtools.add-properties' to 'false' to disable
2019-06-08 00:54:48.543  INFO 4169 --- [restartedMain] .e.DevToolsPropertyDefaultsPostProcessor : For additional web related logging consider setting the 'logging.level.web' property to 'DEBUG'
2019-06-08 00:54:49.968  INFO 4169 --- [restartedMain] .s.d.r.c.RepositoryConfigurationDelegate : Bootstrapping Spring Data repositories in DEFAULT mode.
2019-06-08 00:54:50.003  INFO 4169 --- [restartedMain] .s.d.r.c.RepositoryConfigurationDelegate : Finished Spring Data repository scanning in 23ms. Found 0 repository interfaces.
2019-06-08 00:54:50.747  INFO 4169 --- [restartedMain] trationDelegate$BeanPostProcessorChecker : Bean 'org.springframework.transaction.annotation.ProxyTransactionManagementConfiguration' of type [org.springframework.transaction.annotation.ProxyTransactionManagementConfiguration$$EnhancerBySpringCGLIB$$c64e225a] is not eligible for getting processed by all BeanPostProcessors (for example: not eligible for auto-proxying)
2019-06-08 00:54:50.817  INFO 4169 --- [restartedMain] trationDelegate$BeanPostProcessorChecker : Bean 'org.springframework.security.config.annotation.configuration.ObjectPostProcessorConfiguration' of type [org.springframework.security.config.annotation.configuration.ObjectPostProcessorConfiguration$$EnhancerBySpringCGLIB$$5efbea94] is not eligible for getting processed by all BeanPostProcessors (for example: not eligible for auto-proxying)
2019-06-08 00:54:50.830  INFO 4169 --- [restartedMain] trationDelegate$BeanPostProcessorChecker : Bean 'objectPostProcessor' of type [org.springframework.security.config.annotation.configuration.AutowireBeanFactoryObjectPostProcessor] is not eligible for getting processed by all BeanPostProcessors (for example: not eligible for auto-proxying)
2019-06-08 00:54:50.834  INFO 4169 --- [restartedMain] trationDelegate$BeanPostProcessorChecker : Bean 'org.springframework.security.access.expression.method.DefaultMethodSecurityExpressionHandler@58508be5' of type [org.springframework.security.access.expression.method.DefaultMethodSecurityExpressionHandler] is not eligible for getting processed by all BeanPostProcessors (for example: not eligible for auto-proxying)
2019-06-08 00:54:50.836  INFO 4169 --- [restartedMain] trationDelegate$BeanPostProcessorChecker : Bean 'org.springframework.security.config.annotation.method.configuration.GlobalMethodSecurityConfiguration' of type [org.springframework.security.config.annotation.method.configuration.GlobalMethodSecurityConfiguration$$EnhancerBySpringCGLIB$$83d08d46] is not eligible for getting processed by all BeanPostProcessors (for example: not eligible for auto-proxying)
2019-06-08 00:54:50.845  INFO 4169 --- [restartedMain] trationDelegate$BeanPostProcessorChecker : Bean 'methodSecurityMetadataSource' of type [org.springframework.security.access.method.DelegatingMethodSecurityMetadataSource] is not eligible for getting processed by all BeanPostProcessors (for example: not eligible for auto-proxying)
2019-06-08 00:54:51.820  INFO 4169 --- [restartedMain] o.s.b.w.embedded.tomcat.TomcatWebServer  : Tomcat initialized with port(s): 8080 (http)
2019-06-08 00:54:51.857  INFO 4169 --- [restartedMain] o.apache.catalina.core.StandardService   : Starting service [Tomcat]
2019-06-08 00:54:51.857  INFO 4169 --- [restartedMain] org.apache.catalina.core.StandardEngine  : Starting Servlet Engine: Apache Tomcat/9.0.12
2019-06-08 00:54:51.874  INFO 4169 --- [restartedMain] o.a.catalina.core.AprLifecycleListener   : The APR based Apache Tomcat Native library which allows optimal performance in production environments was not found on the java.library.path: [/Users/billyangulo/Library/Java/Extensions:/Library/Java/Extensions:/Network/Library/Java/Extensions:/System/Library/Java/Extensions:/usr/lib/java:.]
2019-06-08 00:54:52.397  INFO 4169 --- [restartedMain] org.apache.jasper.servlet.TldScanner     : At least one JAR was scanned for TLDs yet contained no TLDs. Enable debug logging for this logger for a complete list of JARs that were scanned but no TLDs were found in them. Skipping unneeded JARs during scanning can improve startup time and JSP compilation time.
2019-06-08 00:54:52.404  INFO 4169 --- [restartedMain] o.a.c.c.C.[Tomcat].[localhost].[/]       : Initializing Spring embedded WebApplicationContext
2019-06-08 00:54:52.405  INFO 4169 --- [restartedMain] o.s.web.context.ContextLoader            : Root WebApplicationContext: initialization completed in 3861 ms
2019-06-08 00:54:52.480  INFO 4169 --- [restartedMain] o.s.b.w.servlet.FilterRegistrationBean   : Mapping filter: 'characterEncodingFilter' to: [/*]
2019-06-08 00:54:52.481  INFO 4169 --- [restartedMain] .s.DelegatingFilterProxyRegistrationBean : Mapping filter: 'springSecurityFilterChain' to: [/*]
2019-06-08 00:54:52.482  INFO 4169 --- [restartedMain] o.s.b.w.servlet.ServletRegistrationBean  : Servlet dispatcherServlet mapped to [/]
2019-06-08 00:54:52.484  INFO 4169 --- [restartedMain] o.s.b.w.servlet.ServletRegistrationBean  : Servlet webServlet mapped to [/h2-console/*]
2019-06-08 00:54:52.712  WARN 4169 --- [restartedMain] ConfigServletWebServerApplicationContext : Exception encountered during context initialization - cancelling refresh attempt: org.springframework.beans.factory.UnsatisfiedDependencyException: Error creating bean with name 'org.springframework.boot.autoconfigure.orm.jpa.HibernateJpaConfiguration': Unsatisfied dependency expressed through constructor parameter 0; nested exception is org.springframework.beans.factory.BeanCreationException: Error creating bean with name 'dataSource' defined in class path resource [com/in28minutes/basics/springboot/WebSecurityConfig.class]: Bean instantiation via factory method failed; nested exception is org.springframework.beans.BeanInstantiationException: Failed to instantiate [org.springframework.jdbc.datasource.DriverManagerDataSource]: Factory method 'dataSource' threw exception; nested exception is java.lang.IllegalStateException: Could not load JDBC driver class [com.mysql.jdbc.Driver]
2019-06-08 00:54:52.723  INFO 4169 --- [restartedMain] o.apache.catalina.core.StandardService   : Stopping service [Tomcat]
2019-06-08 00:54:52.776  INFO 4169 --- [restartedMain] ConditionEvaluationReportLoggingListener : 

Error starting ApplicationContext. To display the conditions report re-run your application with 'debug' enabled.
2019-06-08 00:54:52.799 ERROR 4169 --- [restartedMain] o.s.boot.SpringApplication               : Application run failed

org.springframework.beans.factory.UnsatisfiedDependencyException: Error creating bean with name 'org.springframework.boot.autoconfigure.orm.jpa.HibernateJpaConfiguration': Unsatisfied dependency expressed through constructor parameter 0; nested exception is org.springframework.beans.factory.BeanCreationException: Error creating bean with name 'dataSource' defined in class path resource [com/in28minutes/basics/springboot/WebSecurityConfig.class]: Bean instantiation via factory method failed; nested exception is org.springframework.beans.BeanInstantiationException: Failed to instantiate [org.springframework.jdbc.datasource.DriverManagerDataSource]: Factory method 'dataSource' threw exception; nested exception is java.lang.IllegalStateException: Could not load JDBC driver class [com.mysql.jdbc.Driver]
	at org.springframework.beans.factory.support.ConstructorResolver.createArgumentArray(ConstructorResolver.java:767) ~[spring-beans-5.1.2.RELEASE.jar:5.1.2.RELEASE]
	at org.springframework.beans.factory.support.ConstructorResolver.autowireConstructor(ConstructorResolver.java:218) ~[spring-beans-5.1.2.RELEASE.jar:5.1.2.RELEASE]
	at org.springframework.beans.factory.support.AbstractAutowireCapableBeanFactory.autowireConstructor(AbstractAutowireCapableBeanFactory.java:1308) ~[spring-beans-5.1.2.RELEASE.jar:5.1.2.RELEASE]
	at org.springframework.beans.factory.support.AbstractAutowireCapableBeanFactory.createBeanInstance(AbstractAutowireCapableBeanFactory.java:1154) ~[spring-beans-5.1.2.RELEASE.jar:5.1.2.RELEASE]
	at org.springframework.beans.factory.support.AbstractAutowireCapableBeanFactory.doCreateBean(AbstractAutowireCapableBeanFactory.java:538) ~[spring-beans-5.1.2.RELEASE.jar:5.1.2.RELEASE]
	at org.springframework.beans.factory.support.AbstractAutowireCapableBeanFactory.createBean(AbstractAutowireCapableBeanFactory.java:498) ~[spring-beans-5.1.2.RELEASE.jar:5.1.2.RELEASE]
	at org.springframework.beans.factory.support.AbstractBeanFactory.lambda$doGetBean$0(AbstractBeanFactory.java:320) ~[spring-beans-5.1.2.RELEASE.jar:5.1.2.RELEASE]
	at org.springframework.beans.factory.support.DefaultSingletonBeanRegistry.getSingleton(DefaultSingletonBeanRegistry.java:222) ~[spring-beans-5.1.2.RELEASE.jar:5.1.2.RELEASE]
	at org.springframework.beans.factory.support.AbstractBeanFactory.doGetBean(AbstractBeanFactory.java:318) ~[spring-beans-5.1.2.RELEASE.jar:5.1.2.RELEASE]
	at org.springframework.beans.factory.support.AbstractBeanFactory.getBean(AbstractBeanFactory.java:199) ~[spring-beans-5.1.2.RELEASE.jar:5.1.2.RELEASE]
	at org.springframework.beans.factory.support.ConstructorResolver.instantiateUsingFactoryMethod(ConstructorResolver.java:391) ~[spring-beans-5.1.2.RELEASE.jar:5.1.2.RELEASE]
	at org.springframework.beans.factory.support.AbstractAutowireCapableBeanFactory.instantiateUsingFactoryMethod(AbstractAutowireCapableBeanFactory.java:1288) ~[spring-beans-5.1.2.RELEASE.jar:5.1.2.RELEASE]
	at org.springframework.beans.factory.support.AbstractAutowireCapableBeanFactory.createBeanInstance(AbstractAutowireCapableBeanFactory.java:1127) ~[spring-beans-5.1.2.RELEASE.jar:5.1.2.RELEASE]
	at org.springframework.beans.factory.support.AbstractAutowireCapableBeanFactory.doCreateBean(AbstractAutowireCapableBeanFactory.java:538) ~[spring-beans-5.1.2.RELEASE.jar:5.1.2.RELEASE]
	at org.springframework.beans.factory.support.AbstractAutowireCapableBeanFactory.createBean(AbstractAutowireCapableBeanFactory.java:498) ~[spring-beans-5.1.2.RELEASE.jar:5.1.2.RELEASE]
	at org.springframework.beans.factory.support.AbstractBeanFactory.lambda$doGetBean$0(AbstractBeanFactory.java:320) ~[spring-beans-5.1.2.RELEASE.jar:5.1.2.RELEASE]
	at org.springframework.beans.factory.support.DefaultSingletonBeanRegistry.getSingleton(DefaultSingletonBeanRegistry.java:222) ~[spring-beans-5.1.2.RELEASE.jar:5.1.2.RELEASE]
	at org.springframework.beans.factory.support.AbstractBeanFactory.doGetBean(AbstractBeanFactory.java:318) ~[spring-beans-5.1.2.RELEASE.jar:5.1.2.RELEASE]
	at org.springframework.beans.factory.support.AbstractBeanFactory.getBean(AbstractBeanFactory.java:199) ~[spring-beans-5.1.2.RELEASE.jar:5.1.2.RELEASE]
	at org.springframework.context.support.AbstractApplicationContext.getBean(AbstractApplicationContext.java:1083) ~[spring-context-5.1.2.RELEASE.jar:5.1.2.RELEASE]
	at org.springframework.context.support.AbstractApplicationContext.finishBeanFactoryInitialization(AbstractApplicationContext.java:853) ~[spring-context-5.1.2.RELEASE.jar:5.1.2.RELEASE]
	at org.springframework.context.support.AbstractApplicationContext.refresh(AbstractApplicationContext.java:546) ~[spring-context-5.1.2.RELEASE.jar:5.1.2.RELEASE]
	at org.springframework.boot.web.servlet.context.ServletWebServerApplicationContext.refresh(ServletWebServerApplicationContext.java:140) ~[spring-boot-2.1.0.BUILD-SNAPSHOT.jar:2.1.0.BUILD-SNAPSHOT]
	at org.springframework.boot.SpringApplication.refresh(SpringApplication.java:775) [spring-boot-2.1.0.BUILD-SNAPSHOT.jar:2.1.0.BUILD-SNAPSHOT]
	at org.springframework.boot.SpringApplication.refreshContext(SpringApplication.java:397) [spring-boot-2.1.0.BUILD-SNAPSHOT.jar:2.1.0.BUILD-SNAPSHOT]
	at org.springframework.boot.SpringApplication.run(SpringApplication.java:316) [spring-boot-2.1.0.BUILD-SNAPSHOT.jar:2.1.0.BUILD-SNAPSHOT]
	at org.springframework.boot.SpringApplication.run(SpringApplication.java:1260) [spring-boot-2.1.0.BUILD-SNAPSHOT.jar:2.1.0.BUILD-SNAPSHOT]
	at org.springframework.boot.SpringApplication.run(SpringApplication.java:1248) [spring-boot-2.1.0.BUILD-SNAPSHOT.jar:2.1.0.BUILD-SNAPSHOT]
	at com.in28minutes.basics.springboot.SpringbootApplication.main(SpringbootApplication.java:16) [classes/:na]
	at sun.reflect.NativeMethodAccessorImpl.invoke0(Native Method) ~[na:1.8.0_131]
	at sun.reflect.NativeMethodAccessorImpl.invoke(NativeMethodAccessorImpl.java:62) ~[na:1.8.0_131]
	at sun.reflect.DelegatingMethodAccessorImpl.invoke(DelegatingMethodAccessorImpl.java:43) ~[na:1.8.0_131]
	at java.lang.reflect.Method.invoke(Method.java:498) ~[na:1.8.0_131]
	at org.springframework.boot.devtools.restart.RestartLauncher.run(RestartLauncher.java:49) [spring-boot-devtools-2.1.0.BUILD-SNAPSHOT.jar:2.1.0.BUILD-SNAPSHOT]
Caused by: org.springframework.beans.factory.BeanCreationException: Error creating bean with name 'dataSource' defined in class path resource [com/in28minutes/basics/springboot/WebSecurityConfig.class]: Bean instantiation via factory method failed; nested exception is org.springframework.beans.BeanInstantiationException: Failed to instantiate [org.springframework.jdbc.datasource.DriverManagerDataSource]: Factory method 'dataSource' threw exception; nested exception is java.lang.IllegalStateException: Could not load JDBC driver class [com.mysql.jdbc.Driver]
	at org.springframework.beans.factory.support.ConstructorResolver.instantiate(ConstructorResolver.java:625) ~[spring-beans-5.1.2.RELEASE.jar:5.1.2.RELEASE]
	at org.springframework.beans.factory.support.ConstructorResolver.instantiateUsingFactoryMethod(ConstructorResolver.java:455) ~[spring-beans-5.1.2.RELEASE.jar:5.1.2.RELEASE]
	at org.springframework.beans.factory.support.AbstractAutowireCapableBeanFactory.instantiateUsingFactoryMethod(AbstractAutowireCapableBeanFactory.java:1288) ~[spring-beans-5.1.2.RELEASE.jar:5.1.2.RELEASE]
	at org.springframework.beans.factory.support.AbstractAutowireCapableBeanFactory.createBeanInstance(AbstractAutowireCapableBeanFactory.java:1127) ~[spring-beans-5.1.2.RELEASE.jar:5.1.2.RELEASE]
	at org.springframework.beans.factory.support.AbstractAutowireCapableBeanFactory.doCreateBean(AbstractAutowireCapableBeanFactory.java:538) ~[spring-beans-5.1.2.RELEASE.jar:5.1.2.RELEASE]
	at org.springframework.beans.factory.support.AbstractAutowireCapableBeanFactory.createBean(AbstractAutowireCapableBeanFactory.java:498) ~[spring-beans-5.1.2.RELEASE.jar:5.1.2.RELEASE]
	at org.springframework.beans.factory.support.AbstractBeanFactory.lambda$doGetBean$0(AbstractBeanFactory.java:320) ~[spring-beans-5.1.2.RELEASE.jar:5.1.2.RELEASE]
	at org.springframework.beans.factory.support.DefaultSingletonBeanRegistry.getSingleton(DefaultSingletonBeanRegistry.java:222) ~[spring-beans-5.1.2.RELEASE.jar:5.1.2.RELEASE]
	at org.springframework.beans.factory.support.AbstractBeanFactory.doGetBean(AbstractBeanFactory.java:318) ~[spring-beans-5.1.2.RELEASE.jar:5.1.2.RELEASE]
	at org.springframework.beans.factory.support.AbstractBeanFactory.getBean(AbstractBeanFactory.java:199) ~[spring-beans-5.1.2.RELEASE.jar:5.1.2.RELEASE]
	at org.springframework.beans.factory.config.DependencyDescriptor.resolveCandidate(DependencyDescriptor.java:273) ~[spring-beans-5.1.2.RELEASE.jar:5.1.2.RELEASE]
	at org.springframework.beans.factory.support.DefaultListableBeanFactory.doResolveDependency(DefaultListableBeanFactory.java:1239) ~[spring-beans-5.1.2.RELEASE.jar:5.1.2.RELEASE]
	at org.springframework.beans.factory.support.DefaultListableBeanFactory.resolveDependency(DefaultListableBeanFactory.java:1166) ~[spring-beans-5.1.2.RELEASE.jar:5.1.2.RELEASE]
	at org.springframework.beans.factory.support.ConstructorResolver.resolveAutowiredArgument(ConstructorResolver.java:855) ~[spring-beans-5.1.2.RELEASE.jar:5.1.2.RELEASE]
	at org.springframework.beans.factory.support.ConstructorResolver.createArgumentArray(ConstructorResolver.java:758) ~[spring-beans-5.1.2.RELEASE.jar:5.1.2.RELEASE]
	... 33 common frames omitted
Caused by: org.springframework.beans.BeanInstantiationException: Failed to instantiate [org.springframework.jdbc.datasource.DriverManagerDataSource]: Factory method 'dataSource' threw exception; nested exception is java.lang.IllegalStateException: Could not load JDBC driver class [com.mysql.jdbc.Driver]
	at org.springframework.beans.factory.support.SimpleInstantiationStrategy.instantiate(SimpleInstantiationStrategy.java:185) ~[spring-beans-5.1.2.RELEASE.jar:5.1.2.RELEASE]
	at org.springframework.beans.factory.support.ConstructorResolver.instantiate(ConstructorResolver.java:620) ~[spring-beans-5.1.2.RELEASE.jar:5.1.2.RELEASE]
	... 47 common frames omitted
Caused by: java.lang.IllegalStateException: Could not load JDBC driver class [com.mysql.jdbc.Driver]
	at org.springframework.jdbc.datasource.DriverManagerDataSource.setDriverClassName(DriverManagerDataSource.java:130) ~[spring-jdbc-5.1.2.RELEASE.jar:5.1.2.RELEASE]
	at com.in28minutes.basics.springboot.WebSecurityConfig.dataSource(WebSecurityConfig.java:93) ~[classes/:na]
	at com.in28minutes.basics.springboot.WebSecurityConfig$$EnhancerBySpringCGLIB$$f8c3cf68.CGLIB$dataSource$0(<generated>) ~[classes/:na]
	at com.in28minutes.basics.springboot.WebSecurityConfig$$EnhancerBySpringCGLIB$$f8c3cf68$$FastClassBySpringCGLIB$$8f654577.invoke(<generated>) ~[classes/:na]
	at org.springframework.cglib.proxy.MethodProxy.invokeSuper(MethodProxy.java:244) ~[spring-core-5.1.2.RELEASE.jar:5.1.2.RELEASE]
	at org.springframework.context.annotation.ConfigurationClassEnhancer$BeanMethodInterceptor.intercept(ConfigurationClassEnhancer.java:363) ~[spring-context-5.1.2.RELEASE.jar:5.1.2.RELEASE]
	at com.in28minutes.basics.springboot.WebSecurityConfig$$EnhancerBySpringCGLIB$$f8c3cf68.dataSource(<generated>) ~[classes/:na]
	at sun.reflect.NativeMethodAccessorImpl.invoke0(Native Method) ~[na:1.8.0_131]
	at sun.reflect.NativeMethodAccessorImpl.invoke(NativeMethodAccessorImpl.java:62) ~[na:1.8.0_131]
	at sun.reflect.DelegatingMethodAccessorImpl.invoke(DelegatingMethodAccessorImpl.java:43) ~[na:1.8.0_131]
	at java.lang.reflect.Method.invoke(Method.java:498) ~[na:1.8.0_131]
	at org.springframework.beans.factory.support.SimpleInstantiationStrategy.instantiate(SimpleInstantiationStrategy.java:154) ~[spring-beans-5.1.2.RELEASE.jar:5.1.2.RELEASE]
	... 48 common frames omitted
Caused by: java.lang.ClassNotFoundException: com.mysql.jdbc.Driver
	at java.net.URLClassLoader.findClass(URLClassLoader.java:381) ~[na:1.8.0_131]
	at java.lang.ClassLoader.loadClass(ClassLoader.java:424) ~[na:1.8.0_131]
	at sun.misc.Launcher$AppClassLoader.loadClass(Launcher.java:335) ~[na:1.8.0_131]
	at java.lang.ClassLoader.loadClass(ClassLoader.java:357) ~[na:1.8.0_131]
	at org.springframework.boot.devtools.restart.classloader.RestartClassLoader.loadClass(RestartClassLoader.java:148) ~[spring-boot-devtools-2.1.0.BUILD-SNAPSHOT.jar:2.1.0.BUILD-SNAPSHOT]
	at java.lang.ClassLoader.loadClass(ClassLoader.java:357) ~[na:1.8.0_131]
	at java.lang.Class.forName0(Native Method) ~[na:1.8.0_131]
	at java.lang.Class.forName(Class.java:348) ~[na:1.8.0_131]
	at org.springframework.jdbc.datasource.DriverManagerDataSource.setDriverClassName(DriverManagerDataSource.java:127) ~[spring-jdbc-5.1.2.RELEASE.jar:5.1.2.RELEASE]
	... 59 common frames omitted

2019-06-08 01:00:55.557  INFO 4525 --- [restartedMain] c.i.b.springboot.SpringbootApplication   : Starting SpringbootApplication on Billys-MacBook-Air.local with PID 4525 (/Users/billyangulo/workspace/springboot/target/classes started by billyangulo in /Users/billyangulo/workspace/springboot)
2019-06-08 01:00:55.563  INFO 4525 --- [restartedMain] c.i.b.springboot.SpringbootApplication   : No active profile set, falling back to default profiles: default
2019-06-08 01:00:55.696  INFO 4525 --- [restartedMain] .e.DevToolsPropertyDefaultsPostProcessor : Devtools property defaults active! Set 'spring.devtools.add-properties' to 'false' to disable
2019-06-08 01:00:55.697  INFO 4525 --- [restartedMain] .e.DevToolsPropertyDefaultsPostProcessor : For additional web related logging consider setting the 'logging.level.web' property to 'DEBUG'
2019-06-08 01:00:57.127  INFO 4525 --- [restartedMain] .s.d.r.c.RepositoryConfigurationDelegate : Bootstrapping Spring Data repositories in DEFAULT mode.
2019-06-08 01:00:57.164  INFO 4525 --- [restartedMain] .s.d.r.c.RepositoryConfigurationDelegate : Finished Spring Data repository scanning in 26ms. Found 0 repository interfaces.
2019-06-08 01:00:57.952  INFO 4525 --- [restartedMain] trationDelegate$BeanPostProcessorChecker : Bean 'org.springframework.transaction.annotation.ProxyTransactionManagementConfiguration' of type [org.springframework.transaction.annotation.ProxyTransactionManagementConfiguration$$EnhancerBySpringCGLIB$$cf4c677e] is not eligible for getting processed by all BeanPostProcessors (for example: not eligible for auto-proxying)
2019-06-08 01:00:58.048  INFO 4525 --- [restartedMain] trationDelegate$BeanPostProcessorChecker : Bean 'org.springframework.security.config.annotation.configuration.ObjectPostProcessorConfiguration' of type [org.springframework.security.config.annotation.configuration.ObjectPostProcessorConfiguration$$EnhancerBySpringCGLIB$$67fa2fb8] is not eligible for getting processed by all BeanPostProcessors (for example: not eligible for auto-proxying)
2019-06-08 01:00:58.062  INFO 4525 --- [restartedMain] trationDelegate$BeanPostProcessorChecker : Bean 'objectPostProcessor' of type [org.springframework.security.config.annotation.configuration.AutowireBeanFactoryObjectPostProcessor] is not eligible for getting processed by all BeanPostProcessors (for example: not eligible for auto-proxying)
2019-06-08 01:00:58.067  INFO 4525 --- [restartedMain] trationDelegate$BeanPostProcessorChecker : Bean 'org.springframework.security.access.expression.method.DefaultMethodSecurityExpressionHandler@1b77a82e' of type [org.springframework.security.access.expression.method.DefaultMethodSecurityExpressionHandler] is not eligible for getting processed by all BeanPostProcessors (for example: not eligible for auto-proxying)
2019-06-08 01:00:58.075  INFO 4525 --- [restartedMain] trationDelegate$BeanPostProcessorChecker : Bean 'org.springframework.security.config.annotation.method.configuration.GlobalMethodSecurityConfiguration' of type [org.springframework.security.config.annotation.method.configuration.GlobalMethodSecurityConfiguration$$EnhancerBySpringCGLIB$$8cced26a] is not eligible for getting processed by all BeanPostProcessors (for example: not eligible for auto-proxying)
2019-06-08 01:00:58.083  INFO 4525 --- [restartedMain] trationDelegate$BeanPostProcessorChecker : Bean 'methodSecurityMetadataSource' of type [org.springframework.security.access.method.DelegatingMethodSecurityMetadataSource] is not eligible for getting processed by all BeanPostProcessors (for example: not eligible for auto-proxying)
2019-06-08 01:00:58.824  INFO 4525 --- [restartedMain] o.s.b.w.embedded.tomcat.TomcatWebServer  : Tomcat initialized with port(s): 8080 (http)
2019-06-08 01:00:58.863  INFO 4525 --- [restartedMain] o.apache.catalina.core.StandardService   : Starting service [Tomcat]
2019-06-08 01:00:58.864  INFO 4525 --- [restartedMain] org.apache.catalina.core.StandardEngine  : Starting Servlet Engine: Apache Tomcat/9.0.12
2019-06-08 01:00:58.888  INFO 4525 --- [restartedMain] o.a.catalina.core.AprLifecycleListener   : The APR based Apache Tomcat Native library which allows optimal performance in production environments was not found on the java.library.path: [/Users/billyangulo/Library/Java/Extensions:/Library/Java/Extensions:/Network/Library/Java/Extensions:/System/Library/Java/Extensions:/usr/lib/java:.]
2019-06-08 01:00:59.399  INFO 4525 --- [restartedMain] org.apache.jasper.servlet.TldScanner     : At least one JAR was scanned for TLDs yet contained no TLDs. Enable debug logging for this logger for a complete list of JARs that were scanned but no TLDs were found in them. Skipping unneeded JARs during scanning can improve startup time and JSP compilation time.
2019-06-08 01:00:59.406  INFO 4525 --- [restartedMain] o.a.c.c.C.[Tomcat].[localhost].[/]       : Initializing Spring embedded WebApplicationContext
2019-06-08 01:00:59.407  INFO 4525 --- [restartedMain] o.s.web.context.ContextLoader            : Root WebApplicationContext: initialization completed in 3710 ms
2019-06-08 01:00:59.478  INFO 4525 --- [restartedMain] o.s.b.w.servlet.FilterRegistrationBean   : Mapping filter: 'characterEncodingFilter' to: [/*]
2019-06-08 01:00:59.480  INFO 4525 --- [restartedMain] .s.DelegatingFilterProxyRegistrationBean : Mapping filter: 'springSecurityFilterChain' to: [/*]
2019-06-08 01:00:59.483  INFO 4525 --- [restartedMain] o.s.b.w.servlet.ServletRegistrationBean  : Servlet dispatcherServlet mapped to [/]
2019-06-08 01:00:59.486  INFO 4525 --- [restartedMain] o.s.b.w.servlet.ServletRegistrationBean  : Servlet webServlet mapped to [/h2-console/*]
2019-06-08 01:01:01.082  INFO 4525 --- [restartedMain] j.LocalContainerEntityManagerFactoryBean : Initialized JPA EntityManagerFactory for persistence unit 'default'
2019-06-08 01:01:01.144  WARN 4525 --- [restartedMain] aWebConfiguration$JpaWebMvcConfiguration : spring.jpa.open-in-view is enabled by default. Therefore, database queries may be performed during view rendering. Explicitly configure spring.jpa.open-in-view to disable this warning
2019-06-08 01:01:01.896  INFO 4525 --- [restartedMain] o.s.s.web.DefaultSecurityFilterChain     : Creating filter chain: any request, [org.springframework.security.web.context.request.async.WebAsyncManagerIntegrationFilter@2ce430d9, org.springframework.security.web.context.SecurityContextPersistenceFilter@1624817c, org.springframework.security.web.header.HeaderWriterFilter@50bd24e, org.springframework.security.web.authentication.logout.LogoutFilter@77d1d234, org.springframework.security.web.authentication.UsernamePasswordAuthenticationFilter@3817e9f1, org.springframework.security.web.savedrequest.RequestCacheAwareFilter@425bfa34, org.springframework.security.web.servletapi.SecurityContextHolderAwareRequestFilter@3556519f, org.springframework.security.web.authentication.AnonymousAuthenticationFilter@13f2ab6d, org.springframework.security.web.session.SessionManagementFilter@b33b617, org.springframework.security.web.access.ExceptionTranslationFilter@1225f6a8, org.springframework.security.web.access.intercept.FilterSecurityInterceptor@7f178dd6]
2019-06-08 01:01:02.337  INFO 4525 --- [restartedMain] o.s.b.d.a.OptionalLiveReloadServer       : LiveReload server is running on port 35729
2019-06-08 01:01:02.372  INFO 4525 --- [restartedMain] .s.s.UserDetailsServiceAutoConfiguration : 

Using generated security password: 8ca707ef-6632-4040-986a-a3a35f3e6218

2019-06-08 01:01:02.494  INFO 4525 --- [restartedMain] o.s.b.w.embedded.tomcat.TomcatWebServer  : Tomcat started on port(s): 8080 (http) with context path ''
2019-06-08 01:01:02.504  INFO 4525 --- [restartedMain] c.i.b.springboot.SpringbootApplication   : Started SpringbootApplication in 7.619 seconds (JVM running for 8.736)
2019-06-08 01:01:17.854  INFO 4525 --- [Thread-6] j.LocalContainerEntityManagerFactoryBean : Closing JPA EntityManagerFactory for persistence unit 'default'
2019-06-08 01:01:19.804  INFO 4525 --- [restartedMain] c.i.b.springboot.SpringbootApplication   : Starting SpringbootApplication on Billys-MacBook-Air.local with PID 4525 (/Users/billyangulo/workspace/springboot/target/classes started by billyangulo in /Users/billyangulo/workspace/springboot)
2019-06-08 01:01:19.805  INFO 4525 --- [restartedMain] c.i.b.springboot.SpringbootApplication   : No active profile set, falling back to default profiles: default
2019-06-08 01:01:20.373  INFO 4525 --- [restartedMain] .s.d.r.c.RepositoryConfigurationDelegate : Bootstrapping Spring Data repositories in DEFAULT mode.
2019-06-08 01:01:20.381  INFO 4525 --- [restartedMain] .s.d.r.c.RepositoryConfigurationDelegate : Finished Spring Data repository scanning in 7ms. Found 0 repository interfaces.
2019-06-08 01:01:20.524  INFO 4525 --- [restartedMain] trationDelegate$BeanPostProcessorChecker : Bean 'org.springframework.transaction.annotation.ProxyTransactionManagementConfiguration' of type [org.springframework.transaction.annotation.ProxyTransactionManagementConfiguration$$EnhancerBySpringCGLIB$$cf4c677e] is not eligible for getting processed by all BeanPostProcessors (for example: not eligible for auto-proxying)
2019-06-08 01:01:20.529  INFO 4525 --- [restartedMain] trationDelegate$BeanPostProcessorChecker : Bean 'org.springframework.security.config.annotation.configuration.ObjectPostProcessorConfiguration' of type [org.springframework.security.config.annotation.configuration.ObjectPostProcessorConfiguration$$EnhancerBySpringCGLIB$$67fa2fb8] is not eligible for getting processed by all BeanPostProcessors (for example: not eligible for auto-proxying)
2019-06-08 01:01:20.531  INFO 4525 --- [restartedMain] trationDelegate$BeanPostProcessorChecker : Bean 'objectPostProcessor' of type [org.springframework.security.config.annotation.configuration.AutowireBeanFactoryObjectPostProcessor] is not eligible for getting processed by all BeanPostProcessors (for example: not eligible for auto-proxying)
2019-06-08 01:01:20.532  INFO 4525 --- [restartedMain] trationDelegate$BeanPostProcessorChecker : Bean 'org.springframework.security.access.expression.method.DefaultMethodSecurityExpressionHandler@1d6d131c' of type [org.springframework.security.access.expression.method.DefaultMethodSecurityExpressionHandler] is not eligible for getting processed by all BeanPostProcessors (for example: not eligible for auto-proxying)
2019-06-08 01:01:20.536  INFO 4525 --- [restartedMain] trationDelegate$BeanPostProcessorChecker : Bean 'org.springframework.security.config.annotation.method.configuration.GlobalMethodSecurityConfiguration' of type [org.springframework.security.config.annotation.method.configuration.GlobalMethodSecurityConfiguration$$EnhancerBySpringCGLIB$$8cced26a] is not eligible for getting processed by all BeanPostProcessors (for example: not eligible for auto-proxying)
2019-06-08 01:01:20.537  INFO 4525 --- [restartedMain] trationDelegate$BeanPostProcessorChecker : Bean 'methodSecurityMetadataSource' of type [org.springframework.security.access.method.DelegatingMethodSecurityMetadataSource] is not eligible for getting processed by all BeanPostProcessors (for example: not eligible for auto-proxying)
2019-06-08 01:01:20.704  INFO 4525 --- [restartedMain] o.s.b.w.embedded.tomcat.TomcatWebServer  : Tomcat initialized with port(s): 8080 (http)
2019-06-08 01:01:20.706  INFO 4525 --- [restartedMain] o.apache.catalina.core.StandardService   : Starting service [Tomcat]
2019-06-08 01:01:20.707  INFO 4525 --- [restartedMain] org.apache.catalina.core.StandardEngine  : Starting Servlet Engine: Apache Tomcat/9.0.12
2019-06-08 01:01:20.847  INFO 4525 --- [restartedMain] org.apache.jasper.servlet.TldScanner     : At least one JAR was scanned for TLDs yet contained no TLDs. Enable debug logging for this logger for a complete list of JARs that were scanned but no TLDs were found in them. Skipping unneeded JARs during scanning can improve startup time and JSP compilation time.
2019-06-08 01:01:20.850  INFO 4525 --- [restartedMain] o.a.c.c.C.[Tomcat].[localhost].[/]       : Initializing Spring embedded WebApplicationContext
2019-06-08 01:01:20.850  INFO 4525 --- [restartedMain] o.s.web.context.ContextLoader            : Root WebApplicationContext: initialization completed in 1039 ms
2019-06-08 01:01:20.880  INFO 4525 --- [restartedMain] o.s.b.w.servlet.FilterRegistrationBean   : Mapping filter: 'characterEncodingFilter' to: [/*]
2019-06-08 01:01:20.881  INFO 4525 --- [restartedMain] .s.DelegatingFilterProxyRegistrationBean : Mapping filter: 'springSecurityFilterChain' to: [/*]
2019-06-08 01:01:20.881  INFO 4525 --- [restartedMain] o.s.b.w.servlet.ServletRegistrationBean  : Servlet dispatcherServlet mapped to [/]
2019-06-08 01:01:20.881  INFO 4525 --- [restartedMain] o.s.b.w.servlet.ServletRegistrationBean  : Servlet webServlet mapped to [/h2-console/*]
2019-06-08 01:01:21.115  INFO 4525 --- [restartedMain] j.LocalContainerEntityManagerFactoryBean : Initialized JPA EntityManagerFactory for persistence unit 'default'
2019-06-08 01:01:21.136  WARN 4525 --- [restartedMain] aWebConfiguration$JpaWebMvcConfiguration : spring.jpa.open-in-view is enabled by default. Therefore, database queries may be performed during view rendering. Explicitly configure spring.jpa.open-in-view to disable this warning
2019-06-08 01:01:21.378  INFO 4525 --- [restartedMain] o.s.s.web.DefaultSecurityFilterChain     : Creating filter chain: any request, [org.springframework.security.web.context.request.async.WebAsyncManagerIntegrationFilter@1c905b4c, org.springframework.security.web.context.SecurityContextPersistenceFilter@3af114b4, org.springframework.security.web.header.HeaderWriterFilter@7e2478a5, org.springframework.security.web.authentication.logout.LogoutFilter@4034dbee, org.springframework.security.web.authentication.UsernamePasswordAuthenticationFilter@4e7428a8, org.springframework.security.web.savedrequest.RequestCacheAwareFilter@2f0e9ba4, org.springframework.security.web.servletapi.SecurityContextHolderAwareRequestFilter@72b22fb0, org.springframework.security.web.authentication.AnonymousAuthenticationFilter@73e36fb8, org.springframework.security.web.session.SessionManagementFilter@25c2fec6, org.springframework.security.web.access.ExceptionTranslationFilter@6dff12bc, org.springframework.security.web.access.intercept.FilterSecurityInterceptor@129db43f]
2019-06-08 01:01:21.558  INFO 4525 --- [restartedMain] o.s.b.d.a.OptionalLiveReloadServer       : LiveReload server is running on port 35729
2019-06-08 01:01:21.580  INFO 4525 --- [restartedMain] .s.s.UserDetailsServiceAutoConfiguration : 

Using generated security password: c9a1f230-7cb7-4966-843c-3d830f69e1b4

2019-06-08 01:01:21.603  INFO 4525 --- [restartedMain] o.s.b.w.embedded.tomcat.TomcatWebServer  : Tomcat started on port(s): 8080 (http) with context path ''
2019-06-08 01:01:21.604  INFO 4525 --- [restartedMain] c.i.b.springboot.SpringbootApplication   : Started SpringbootApplication in 1.845 seconds (JVM running for 27.838)
2019-06-08 01:01:21.609  INFO 4525 --- [restartedMain] .ConditionEvaluationDeltaLoggingListener : Condition evaluation unchanged
2019-06-08 01:03:02.624  INFO 4525 --- [Thread-10] j.LocalContainerEntityManagerFactoryBean : Closing JPA EntityManagerFactory for persistence unit 'default'
2019-06-08 01:03:03.170  INFO 4525 --- [restartedMain] c.i.b.springboot.SpringbootApplication   : Starting SpringbootApplication on Billys-MacBook-Air.local with PID 4525 (/Users/billyangulo/workspace/springboot/target/classes started by billyangulo in /Users/billyangulo/workspace/springboot)
2019-06-08 01:03:03.171  INFO 4525 --- [restartedMain] c.i.b.springboot.SpringbootApplication   : No active profile set, falling back to default profiles: default
2019-06-08 01:03:03.643  INFO 4525 --- [restartedMain] .s.d.r.c.RepositoryConfigurationDelegate : Bootstrapping Spring Data repositories in DEFAULT mode.
2019-06-08 01:03:03.649  INFO 4525 --- [restartedMain] .s.d.r.c.RepositoryConfigurationDelegate : Finished Spring Data repository scanning in 6ms. Found 0 repository interfaces.
2019-06-08 01:03:03.783  INFO 4525 --- [restartedMain] trationDelegate$BeanPostProcessorChecker : Bean 'org.springframework.transaction.annotation.ProxyTransactionManagementConfiguration' of type [org.springframework.transaction.annotation.ProxyTransactionManagementConfiguration$$EnhancerBySpringCGLIB$$cf4c677e] is not eligible for getting processed by all BeanPostProcessors (for example: not eligible for auto-proxying)
2019-06-08 01:03:03.794  INFO 4525 --- [restartedMain] trationDelegate$BeanPostProcessorChecker : Bean 'org.springframework.security.config.annotation.configuration.ObjectPostProcessorConfiguration' of type [org.springframework.security.config.annotation.configuration.ObjectPostProcessorConfiguration$$EnhancerBySpringCGLIB$$67fa2fb8] is not eligible for getting processed by all BeanPostProcessors (for example: not eligible for auto-proxying)
2019-06-08 01:03:03.797  INFO 4525 --- [restartedMain] trationDelegate$BeanPostProcessorChecker : Bean 'objectPostProcessor' of type [org.springframework.security.config.annotation.configuration.AutowireBeanFactoryObjectPostProcessor] is not eligible for getting processed by all BeanPostProcessors (for example: not eligible for auto-proxying)
2019-06-08 01:03:03.797  INFO 4525 --- [restartedMain] trationDelegate$BeanPostProcessorChecker : Bean 'org.springframework.security.access.expression.method.DefaultMethodSecurityExpressionHandler@7a8f3c11' of type [org.springframework.security.access.expression.method.DefaultMethodSecurityExpressionHandler] is not eligible for getting processed by all BeanPostProcessors (for example: not eligible for auto-proxying)
2019-06-08 01:03:03.800  INFO 4525 --- [restartedMain] trationDelegate$BeanPostProcessorChecker : Bean 'org.springframework.security.config.annotation.method.configuration.GlobalMethodSecurityConfiguration' of type [org.springframework.security.config.annotation.method.configuration.GlobalMethodSecurityConfiguration$$EnhancerBySpringCGLIB$$8cced26a] is not eligible for getting processed by all BeanPostProcessors (for example: not eligible for auto-proxying)
2019-06-08 01:03:03.801  INFO 4525 --- [restartedMain] trationDelegate$BeanPostProcessorChecker : Bean 'methodSecurityMetadataSource' of type [org.springframework.security.access.method.DelegatingMethodSecurityMetadataSource] is not eligible for getting processed by all BeanPostProcessors (for example: not eligible for auto-proxying)
2019-06-08 01:03:04.025  INFO 4525 --- [restartedMain] o.s.b.w.embedded.tomcat.TomcatWebServer  : Tomcat initialized with port(s): 8080 (http)
2019-06-08 01:03:04.028  INFO 4525 --- [restartedMain] o.apache.catalina.core.StandardService   : Starting service [Tomcat]
2019-06-08 01:03:04.029  INFO 4525 --- [restartedMain] org.apache.catalina.core.StandardEngine  : Starting Servlet Engine: Apache Tomcat/9.0.12
2019-06-08 01:03:04.182  INFO 4525 --- [restartedMain] org.apache.jasper.servlet.TldScanner     : At least one JAR was scanned for TLDs yet contained no TLDs. Enable debug logging for this logger for a complete list of JARs that were scanned but no TLDs were found in them. Skipping unneeded JARs during scanning can improve startup time and JSP compilation time.
2019-06-08 01:03:04.184  INFO 4525 --- [restartedMain] o.a.c.c.C.[Tomcat].[localhost].[/]       : Initializing Spring embedded WebApplicationContext
2019-06-08 01:03:04.185  INFO 4525 --- [restartedMain] o.s.web.context.ContextLoader            : Root WebApplicationContext: initialization completed in 1011 ms
2019-06-08 01:03:04.225  INFO 4525 --- [restartedMain] o.s.b.w.servlet.FilterRegistrationBean   : Mapping filter: 'characterEncodingFilter' to: [/*]
2019-06-08 01:03:04.227  INFO 4525 --- [restartedMain] .s.DelegatingFilterProxyRegistrationBean : Mapping filter: 'springSecurityFilterChain' to: [/*]
2019-06-08 01:03:04.227  INFO 4525 --- [restartedMain] o.s.b.w.servlet.ServletRegistrationBean  : Servlet dispatcherServlet mapped to [/]
2019-06-08 01:03:04.228  INFO 4525 --- [restartedMain] o.s.b.w.servlet.ServletRegistrationBean  : Servlet webServlet mapped to [/h2-console/*]
2019-06-08 01:03:04.439  INFO 4525 --- [restartedMain] j.LocalContainerEntityManagerFactoryBean : Initialized JPA EntityManagerFactory for persistence unit 'default'
2019-06-08 01:03:04.451  WARN 4525 --- [restartedMain] aWebConfiguration$JpaWebMvcConfiguration : spring.jpa.open-in-view is enabled by default. Therefore, database queries may be performed during view rendering. Explicitly configure spring.jpa.open-in-view to disable this warning
2019-06-08 01:03:04.617  INFO 4525 --- [restartedMain] o.s.s.web.DefaultSecurityFilterChain     : Creating filter chain: any request, [org.springframework.security.web.context.request.async.WebAsyncManagerIntegrationFilter@613bfc6f, org.springframework.security.web.context.SecurityContextPersistenceFilter@152d42a5, org.springframework.security.web.header.HeaderWriterFilter@414b84a5, org.springframework.security.web.authentication.logout.LogoutFilter@68fecf94, org.springframework.security.web.authentication.UsernamePasswordAuthenticationFilter@cb3c9fd, org.springframework.security.web.savedrequest.RequestCacheAwareFilter@1588646b, org.springframework.security.web.servletapi.SecurityContextHolderAwareRequestFilter@8fba4d3, org.springframework.security.web.authentication.AnonymousAuthenticationFilter@50e83939, org.springframework.security.web.session.SessionManagementFilter@1ddfb757, org.springframework.security.web.access.ExceptionTranslationFilter@762ec17a, org.springframework.security.web.access.intercept.FilterSecurityInterceptor@5f4d1970]
2019-06-08 01:03:04.808  INFO 4525 --- [restartedMain] o.s.b.d.a.OptionalLiveReloadServer       : LiveReload server is running on port 35729
2019-06-08 01:03:04.830  INFO 4525 --- [restartedMain] .s.s.UserDetailsServiceAutoConfiguration : 

Using generated security password: be9e6675-11ed-4b73-8209-b8bc49d9f2d4

2019-06-08 01:03:04.853  INFO 4525 --- [restartedMain] o.s.b.w.embedded.tomcat.TomcatWebServer  : Tomcat started on port(s): 8080 (http) with context path ''
2019-06-08 01:03:04.862  INFO 4525 --- [restartedMain] c.i.b.springboot.SpringbootApplication   : Started SpringbootApplication in 1.896 seconds (JVM running for 131.093)
2019-06-08 01:03:04.866  INFO 4525 --- [restartedMain] .ConditionEvaluationDeltaLoggingListener : Condition evaluation unchanged
2019-06-08 01:05:20.572  INFO 4525 --- [http-nio-8080-exec-1] o.a.c.c.C.[Tomcat].[localhost].[/]       : Initializing Spring DispatcherServlet 'dispatcherServlet'
2019-06-08 01:05:20.573  INFO 4525 --- [http-nio-8080-exec-1] o.s.web.servlet.DispatcherServlet        : Initializing Servlet 'dispatcherServlet'
2019-06-08 01:05:20.587  INFO 4525 --- [http-nio-8080-exec-1] o.s.web.servlet.DispatcherServlet        : Completed initialization in 12 ms
2019-06-08 01:06:40.767  INFO 4525 --- [Thread-18] j.LocalContainerEntityManagerFactoryBean : Closing JPA EntityManagerFactory for persistence unit 'default'
2019-06-08 01:09:05.682  INFO 4922 --- [restartedMain] c.i.b.springboot.SpringbootApplication   : Starting SpringbootApplication on Billys-MacBook-Air.local with PID 4922 (/Users/billyangulo/workspace/springboot/target/classes started by billyangulo in /Users/billyangulo/workspace/springboot)
2019-06-08 01:09:05.682  INFO 4922 --- [restartedMain] c.i.b.springboot.SpringbootApplication   : No active profile set, falling back to default profiles: default
2019-06-08 01:09:05.993  INFO 4922 --- [restartedMain] .s.d.r.c.RepositoryConfigurationDelegate : Bootstrapping Spring Data repositories in DEFAULT mode.
2019-06-08 01:09:05.999  INFO 4922 --- [restartedMain] .s.d.r.c.RepositoryConfigurationDelegate : Finished Spring Data repository scanning in 5ms. Found 0 repository interfaces.
2019-06-08 01:09:06.106  INFO 4922 --- [restartedMain] trationDelegate$BeanPostProcessorChecker : Bean 'org.springframework.transaction.annotation.ProxyTransactionManagementConfiguration' of type [org.springframework.transaction.annotation.ProxyTransactionManagementConfiguration$$EnhancerBySpringCGLIB$$da69dcbf] is not eligible for getting processed by all BeanPostProcessors (for example: not eligible for auto-proxying)
2019-06-08 01:09:06.112  INFO 4922 --- [restartedMain] trationDelegate$BeanPostProcessorChecker : Bean 'org.springframework.security.config.annotation.configuration.ObjectPostProcessorConfiguration' of type [org.springframework.security.config.annotation.configuration.ObjectPostProcessorConfiguration$$EnhancerBySpringCGLIB$$7317a4f9] is not eligible for getting processed by all BeanPostProcessors (for example: not eligible for auto-proxying)
2019-06-08 01:09:06.117  INFO 4922 --- [restartedMain] trationDelegate$BeanPostProcessorChecker : Bean 'objectPostProcessor' of type [org.springframework.security.config.annotation.configuration.AutowireBeanFactoryObjectPostProcessor] is not eligible for getting processed by all BeanPostProcessors (for example: not eligible for auto-proxying)
2019-06-08 01:09:06.118  INFO 4922 --- [restartedMain] trationDelegate$BeanPostProcessorChecker : Bean 'org.springframework.security.access.expression.method.DefaultMethodSecurityExpressionHandler@1606affe' of type [org.springframework.security.access.expression.method.DefaultMethodSecurityExpressionHandler] is not eligible for getting processed by all BeanPostProcessors (for example: not eligible for auto-proxying)
2019-06-08 01:09:06.119  INFO 4922 --- [restartedMain] trationDelegate$BeanPostProcessorChecker : Bean 'org.springframework.security.config.annotation.method.configuration.GlobalMethodSecurityConfiguration' of type [org.springframework.security.config.annotation.method.configuration.GlobalMethodSecurityConfiguration$$EnhancerBySpringCGLIB$$97ec47ab] is not eligible for getting processed by all BeanPostProcessors (for example: not eligible for auto-proxying)
2019-06-08 01:09:06.120  INFO 4922 --- [restartedMain] trationDelegate$BeanPostProcessorChecker : Bean 'methodSecurityMetadataSource' of type [org.springframework.security.access.method.DelegatingMethodSecurityMetadataSource] is not eligible for getting processed by all BeanPostProcessors (for example: not eligible for auto-proxying)
2019-06-08 01:09:06.276  INFO 4922 --- [restartedMain] o.s.b.w.embedded.tomcat.TomcatWebServer  : Tomcat initialized with port(s): 8080 (http)
2019-06-08 01:09:06.291  INFO 4922 --- [restartedMain] o.apache.catalina.core.StandardService   : Starting service [Tomcat]
2019-06-08 01:09:06.292  INFO 4922 --- [restartedMain] org.apache.catalina.core.StandardEngine  : Starting Servlet Engine: Apache Tomcat/9.0.12
2019-06-08 01:09:06.479  INFO 4922 --- [restartedMain] org.apache.jasper.servlet.TldScanner     : At least one JAR was scanned for TLDs yet contained no TLDs. Enable debug logging for this logger for a complete list of JARs that were scanned but no TLDs were found in them. Skipping unneeded JARs during scanning can improve startup time and JSP compilation time.
2019-06-08 01:09:06.485  INFO 4922 --- [restartedMain] o.a.c.c.C.[.[localhost].[/springboot]    : Initializing Spring embedded WebApplicationContext
2019-06-08 01:09:06.486  INFO 4922 --- [restartedMain] o.s.web.context.ContextLoader            : Root WebApplicationContext: initialization completed in 801 ms
2019-06-08 01:09:06.516  INFO 4922 --- [restartedMain] o.s.b.w.servlet.FilterRegistrationBean   : Mapping filter: 'characterEncodingFilter' to: [/*]
2019-06-08 01:09:06.517  INFO 4922 --- [restartedMain] .s.DelegatingFilterProxyRegistrationBean : Mapping filter: 'springSecurityFilterChain' to: [/*]
2019-06-08 01:09:06.517  INFO 4922 --- [restartedMain] o.s.b.w.servlet.ServletRegistrationBean  : Servlet dispatcherServlet mapped to [/]
2019-06-08 01:09:06.518  INFO 4922 --- [restartedMain] o.s.b.w.servlet.ServletRegistrationBean  : Servlet webServlet mapped to [/h2-console/*]
2019-06-08 01:09:06.708  INFO 4922 --- [restartedMain] j.LocalContainerEntityManagerFactoryBean : Initialized JPA EntityManagerFactory for persistence unit 'default'
2019-06-08 01:09:06.726  WARN 4922 --- [restartedMain] aWebConfiguration$JpaWebMvcConfiguration : spring.jpa.open-in-view is enabled by default. Therefore, database queries may be performed during view rendering. Explicitly configure spring.jpa.open-in-view to disable this warning
2019-06-08 01:09:06.858  INFO 4922 --- [restartedMain] o.s.s.web.DefaultSecurityFilterChain     : Creating filter chain: any request, [org.springframework.security.web.context.request.async.WebAsyncManagerIntegrationFilter@6e141afc, org.springframework.security.web.context.SecurityContextPersistenceFilter@2f2723f0, org.springframework.security.web.header.HeaderWriterFilter@4431c32c, org.springframework.security.web.authentication.logout.LogoutFilter@3e935230, org.springframework.security.web.authentication.UsernamePasswordAuthenticationFilter@19642d87, org.springframework.security.web.savedrequest.RequestCacheAwareFilter@6fb78ae3, org.springframework.security.web.servletapi.SecurityContextHolderAwareRequestFilter@25d51c9a, org.springframework.security.web.authentication.AnonymousAuthenticationFilter@3f6eaa3b, org.springframework.security.web.session.SessionManagementFilter@12213f97, org.springframework.security.web.access.ExceptionTranslationFilter@4570a40b, org.springframework.security.web.access.intercept.FilterSecurityInterceptor@59b58294]
2019-06-08 01:09:06.991  INFO 4922 --- [restartedMain] o.s.b.d.a.OptionalLiveReloadServer       : LiveReload server is running on port 35729
2019-06-08 01:09:07.006  INFO 4922 --- [restartedMain] .s.s.UserDetailsServiceAutoConfiguration : 

Using generated security password: fbdfaca4-c682-477e-9241-6aecd3c7a578

2019-06-08 01:09:07.023  INFO 4922 --- [restartedMain] o.s.b.w.embedded.tomcat.TomcatWebServer  : Tomcat started on port(s): 8080 (http) with context path '/springboot'
2019-06-08 01:09:07.025  INFO 4922 --- [restartedMain] c.i.b.springboot.SpringbootApplication   : Started SpringbootApplication in 1.592 seconds (JVM running for 97.09)
2019-06-08 01:09:07.028  INFO 4922 --- [restartedMain] .ConditionEvaluationDeltaLoggingListener : Condition evaluation unchanged
2019-06-08 01:09:43.679  INFO 4922 --- [Thread-24] j.LocalContainerEntityManagerFactoryBean : Closing JPA EntityManagerFactory for persistence unit 'default'
2019-06-08 01:09:46.659  INFO 4922 --- [restartedMain] c.i.b.springboot.SpringbootApplication   : Starting SpringbootApplication on Billys-MacBook-Air.local with PID 4922 (/Users/billyangulo/workspace/springboot/target/classes started by billyangulo in /Users/billyangulo/workspace/springboot)
2019-06-08 01:09:46.664  INFO 4922 --- [restartedMain] c.i.b.springboot.SpringbootApplication   : No active profile set, falling back to default profiles: default
2019-06-08 01:09:46.986  INFO 4922 --- [restartedMain] .s.d.r.c.RepositoryConfigurationDelegate : Bootstrapping Spring Data repositories in DEFAULT mode.
2019-06-08 01:09:46.995  INFO 4922 --- [restartedMain] .s.d.r.c.RepositoryConfigurationDelegate : Finished Spring Data repository scanning in 8ms. Found 0 repository interfaces.
2019-06-08 01:09:47.131  INFO 4922 --- [restartedMain] trationDelegate$BeanPostProcessorChecker : Bean 'org.springframework.transaction.annotation.ProxyTransactionManagementConfiguration' of type [org.springframework.transaction.annotation.ProxyTransactionManagementConfiguration$$EnhancerBySpringCGLIB$$da69dcbf] is not eligible for getting processed by all BeanPostProcessors (for example: not eligible for auto-proxying)
2019-06-08 01:09:47.137  INFO 4922 --- [restartedMain] trationDelegate$BeanPostProcessorChecker : Bean 'org.springframework.security.config.annotation.configuration.ObjectPostProcessorConfiguration' of type [org.springframework.security.config.annotation.configuration.ObjectPostProcessorConfiguration$$EnhancerBySpringCGLIB$$7317a4f9] is not eligible for getting processed by all BeanPostProcessors (for example: not eligible for auto-proxying)
2019-06-08 01:09:47.139  INFO 4922 --- [restartedMain] trationDelegate$BeanPostProcessorChecker : Bean 'objectPostProcessor' of type [org.springframework.security.config.annotation.configuration.AutowireBeanFactoryObjectPostProcessor] is not eligible for getting processed by all BeanPostProcessors (for example: not eligible for auto-proxying)
2019-06-08 01:09:47.140  INFO 4922 --- [restartedMain] trationDelegate$BeanPostProcessorChecker : Bean 'org.springframework.security.access.expression.method.DefaultMethodSecurityExpressionHandler@44c9437a' of type [org.springframework.security.access.expression.method.DefaultMethodSecurityExpressionHandler] is not eligible for getting processed by all BeanPostProcessors (for example: not eligible for auto-proxying)
2019-06-08 01:09:47.141  INFO 4922 --- [restartedMain] trationDelegate$BeanPostProcessorChecker : Bean 'org.springframework.security.config.annotation.method.configuration.GlobalMethodSecurityConfiguration' of type [org.springframework.security.config.annotation.method.configuration.GlobalMethodSecurityConfiguration$$EnhancerBySpringCGLIB$$97ec47ab] is not eligible for getting processed by all BeanPostProcessors (for example: not eligible for auto-proxying)
2019-06-08 01:09:47.142  INFO 4922 --- [restartedMain] trationDelegate$BeanPostProcessorChecker : Bean 'methodSecurityMetadataSource' of type [org.springframework.security.access.method.DelegatingMethodSecurityMetadataSource] is not eligible for getting processed by all BeanPostProcessors (for example: not eligible for auto-proxying)
2019-06-08 01:09:47.254  INFO 4922 --- [restartedMain] o.s.b.w.embedded.tomcat.TomcatWebServer  : Tomcat initialized with port(s): 8080 (http)
2019-06-08 01:09:47.256  INFO 4922 --- [restartedMain] o.apache.catalina.core.StandardService   : Starting service [Tomcat]
2019-06-08 01:09:47.257  INFO 4922 --- [restartedMain] org.apache.catalina.core.StandardEngine  : Starting Servlet Engine: Apache Tomcat/9.0.12
2019-06-08 01:09:47.363  INFO 4922 --- [restartedMain] org.apache.jasper.servlet.TldScanner     : At least one JAR was scanned for TLDs yet contained no TLDs. Enable debug logging for this logger for a complete list of JARs that were scanned but no TLDs were found in them. Skipping unneeded JARs during scanning can improve startup time and JSP compilation time.
2019-06-08 01:09:47.364  INFO 4922 --- [restartedMain] o.a.c.c.C.[.[localhost].[/springboot]    : Initializing Spring embedded WebApplicationContext
2019-06-08 01:09:47.365  INFO 4922 --- [restartedMain] o.s.web.context.ContextLoader            : Root WebApplicationContext: initialization completed in 698 ms
2019-06-08 01:09:47.396  INFO 4922 --- [restartedMain] o.s.b.w.servlet.FilterRegistrationBean   : Mapping filter: 'characterEncodingFilter' to: [/*]
2019-06-08 01:09:47.397  INFO 4922 --- [restartedMain] .s.DelegatingFilterProxyRegistrationBean : Mapping filter: 'springSecurityFilterChain' to: [/*]
2019-06-08 01:09:47.397  INFO 4922 --- [restartedMain] o.s.b.w.servlet.ServletRegistrationBean  : Servlet dispatcherServlet mapped to [/]
2019-06-08 01:09:47.397  INFO 4922 --- [restartedMain] o.s.b.w.servlet.ServletRegistrationBean  : Servlet webServlet mapped to [/h2-console/*]
2019-06-08 01:09:47.591  INFO 4922 --- [restartedMain] j.LocalContainerEntityManagerFactoryBean : Initialized JPA EntityManagerFactory for persistence unit 'default'
2019-06-08 01:09:47.603  WARN 4922 --- [restartedMain] aWebConfiguration$JpaWebMvcConfiguration : spring.jpa.open-in-view is enabled by default. Therefore, database queries may be performed during view rendering. Explicitly configure spring.jpa.open-in-view to disable this warning
2019-06-08 01:09:47.793  INFO 4922 --- [restartedMain] o.s.s.web.DefaultSecurityFilterChain     : Creating filter chain: any request, [org.springframework.security.web.context.request.async.WebAsyncManagerIntegrationFilter@79953c44, org.springframework.security.web.context.SecurityContextPersistenceFilter@53de3336, org.springframework.security.web.header.HeaderWriterFilter@7a21c7ee, org.springframework.security.web.authentication.logout.LogoutFilter@6ff158ff, org.springframework.security.web.authentication.UsernamePasswordAuthenticationFilter@36fbeff0, org.springframework.security.web.savedrequest.RequestCacheAwareFilter@74acf90d, org.springframework.security.web.servletapi.SecurityContextHolderAwareRequestFilter@c65ec1, org.springframework.security.web.authentication.AnonymousAuthenticationFilter@59b6f3a9, org.springframework.security.web.session.SessionManagementFilter@172f1ef8, org.springframework.security.web.access.ExceptionTranslationFilter@5ebf2d45, org.springframework.security.web.access.intercept.FilterSecurityInterceptor@48abe8a9]
2019-06-08 01:09:47.967  INFO 4922 --- [restartedMain] o.s.b.d.a.OptionalLiveReloadServer       : LiveReload server is running on port 35729
2019-06-08 01:09:47.987  INFO 4922 --- [restartedMain] .s.s.UserDetailsServiceAutoConfiguration : 

Using generated security password: b252e51a-626d-4829-b67f-94ec345b30f1

2019-06-08 01:09:48.018  INFO 4922 --- [restartedMain] o.s.b.w.embedded.tomcat.TomcatWebServer  : Tomcat started on port(s): 8080 (http) with context path '/springboot'
2019-06-08 01:09:48.019  INFO 4922 --- [restartedMain] c.i.b.springboot.SpringbootApplication   : Started SpringbootApplication in 1.389 seconds (JVM running for 138.075)
2019-06-08 01:09:48.025  INFO 4922 --- [restartedMain] .ConditionEvaluationDeltaLoggingListener : Condition evaluation unchanged
2019-06-08 01:10:16.607  INFO 4922 --- [Thread-30] j.LocalContainerEntityManagerFactoryBean : Closing JPA EntityManagerFactory for persistence unit 'default'
